<?xml version="1.0" encoding="UTF-8"?>
<!-- Generated by org.testng.reporters.JUnitReportReporter -->
<testsuite skipped="0" hostname="DESKTOP-VOE83CC" name="com.ats_createproject.CreateProjectTest" tests="1" failures="0" timestamp="20 Jan 2020 01:50:39 GMT" time="18.957" errors="0">
  <testcase name="createNewProject" time="18.957" classname="com.ats_createproject.CreateProjectTest"/>
</testsuite> <!-- com.ats_createproject.CreateProjectTest -->
