<?xml version="1.0" encoding="UTF-8"?>
<!-- Generated by org.testng.reporters.JUnitReportReporter -->
<testsuite skipped="0" hostname="DESKTOP-VOE83CC" name="com.ats_createproject.CreateNewProject" tests="2" failures="0" timestamp="18 Jan 2020 23:17:13 GMT" time="23.990" errors="0">
  <testcase name="selectBuildingClass1" time="7.431" classname="com.ats_createproject.CreateNewProject"/>
  <testcase name="createNewProject" time="16.559" classname="com.ats_createproject.CreateNewProject"/>
</testsuite> <!-- com.ats_createproject.CreateNewProject -->
