<?xml version="1.0" encoding="UTF-8"?>
<!-- Generated by org.testng.reporters.JUnitReportReporter -->
<testsuite skipped="0" hostname="DESKTOP-VOE83CC" name="ats_createproject.CreateNewProject" tests="2" failures="0" timestamp="18 Jan 2020 21:24:20 GMT" time="42.717" errors="0">
  <testcase name="selectBuildingClass1" time="28.184" classname="ats_createproject.CreateNewProject"/>
  <testcase name="createNewProject" time="14.533" classname="ats_createproject.CreateNewProject"/>
</testsuite> <!-- ats_createproject.CreateNewProject -->
